<?xml version="1.0" encoding="UTF-8"?>
<testsuite xmlns:xsi="http://www.w3.org/2001/XMLSchema-instance" xsi:noNamespaceSchemaLocation="https://maven.apache.org/surefire/maven-surefire-plugin/xsd/surefire-test-report.xsd" name="PagamentoServiceIntegrationTest" time="1.546" tests="8" errors="0" skipped="0" failures="0">
  <properties>
[...]
</properties>
  <testcase name="testFalhaAoCalcularDesconto" classname="PagamentoServiceIntegrationTest" time="1.447"/>
  <testcase name="testAplicacaoDeMultiplosDescontos" classname="PagamentoServiceIntegrationTest" time="0.022"/>
  <testcase name="testProcessamentoPedidoComDescontoPorCartao" classname="PagamentoServiceIntegrationTest" time="0.009"/>
  <testcase name="testVerificarPagamento" classname="PagamentoServiceIntegrationTest" time="0.01"/>
  <testcase name="testProcessamentoPedidoComValoresInvalidos" classname="PagamentoServiceIntegrationTest" time="0.008"/>
  <testcase name="testPedidoComDiferentesMetodosPagamento" classname="PagamentoServiceIntegrationTest" time="0.007"/>
  <testcase name="testeFalhaNoPagamentoAposCalculoDeDesconto" classname="PagamentoServiceIntegrationTest" time="0.007"/>
  <testcase name="testConfirmarPagamento" classname="PagamentoServiceIntegrationTest" time="0.005"/>
</testsuite>