<?xml version="1.0" encoding="UTF-8"?>
<testsuite xmlns:xsi="http://www.w3.org/2001/XMLSchema-instance" xsi:noNamespaceSchemaLocation="https://maven.apache.org/surefire/maven-surefire-plugin/xsd/surefire-test-report.xsd" name="CalculadoraTest" time="0.312" tests="128" errors="0" skipped="0" failures="0">
  <properties>
[...]
</properties>
  <testcase name="CalculadoraTest{String, String, String, int, double, int, double, String}[1]" classname="CalculadoraTest" time="0.041"/>
  <testcase name="CalculadoraTest{String, String, String, int, double, int, double, String}[2]" classname="CalculadoraTest" time="0.001"/>
  <testcase name="CalculadoraTest{String, String, String, int, double, int, double, String}[3]" classname="CalculadoraTest" time="0.001"/>
  <testcase name="CalculadoraTest{String, String, String, int, double, int, double, String}[4]" classname="CalculadoraTest" time="0.001"/>
  <testcase name="CalculadoraTest{String, String, String, int, double, int, double, String}[5]" classname="CalculadoraTest" time="0.001"/>
  <testcase name="CalculadoraTest{String, String, String, int, double, int, double, String}[6]" classname="CalculadoraTest" time="0.001"/>
  <testcase name="CalculadoraTest{String, String, String, int, double, int, double, String}[7]" classname="CalculadoraTest" time="0.001"/>
  <testcase name="CalculadoraTest{String, String, String, int, double, int, double, String}[8]" classname="CalculadoraTest" time="0.001"/>
  <testcase name="CalculadoraTest{String, String, String, int, double, int, double, String}[9]" classname="CalculadoraTest" time="0.001"/>
  <testcase name="CalculadoraTest{String, String, String, int, double, int, double, String}[10]" classname="CalculadoraTest" time="0.001"/>
  <testcase name="CalculadoraTest{String, String, String, int, double, int, double, String}[11]" classname="CalculadoraTest" time="0.001"/>
  <testcase name="CalculadoraTest{String, String, String, int, double, int, double, String}[12]" classname="CalculadoraTest" time="0.001"/>
  <testcase name="CalculadoraTest{String, String, String, int, double, int, double, String}[13]" classname="CalculadoraTest" time="0"/>
  <testcase name="CalculadoraTest{String, String, String, int, double, int, double, String}[14]" classname="CalculadoraTest" time="0.001"/>
  <testcase name="CalculadoraTest{String, String, String, int, double, int, double, String}[15]" classname="CalculadoraTest" time="0.001"/>
  <testcase name="CalculadoraTest{String, String, String, int, double, int, double, String}[16]" classname="CalculadoraTest" time="0.002"/>
  <testcase name="CalculadoraTest{String, String, String, int, double, int, double, String}[17]" classname="CalculadoraTest" time="0.001"/>
  <testcase name="CalculadoraTest{String, String, String, int, double, int, double, String}[18]" classname="CalculadoraTest" time="0.001"/>
  <testcase name="CalculadoraTest{String, String, String, int, double, int, double, String}[19]" classname="CalculadoraTest" time="0.001"/>
  <testcase name="CalculadoraTest{String, String, String, int, double, int, double, String}[20]" classname="CalculadoraTest" time="0.001"/>
  <testcase name="CalculadoraTest{String, String, String, int, double, int, double, String}[21]" classname="CalculadoraTest" time="0"/>
  <testcase name="CalculadoraTest{String, String, String, int, double, int, double, String}[22]" classname="CalculadoraTest" time="0.006"/>
  <testcase name="CalculadoraTest{String, String, String, int, double, int, double, String}[23]" classname="CalculadoraTest" time="0"/>
  <testcase name="CalculadoraTest{String, String, String, int, double, int, double, String}[24]" classname="CalculadoraTest" time="0.001"/>
  <testcase name="CalculadoraTest{String, String, String, int, double, int, double, String}[25]" classname="CalculadoraTest" time="0"/>
  <testcase name="CalculadoraTest{String, String, String, int, double, int, double, String}[26]" classname="CalculadoraTest" time="0.001"/>
  <testcase name="CalculadoraTest{String, String, String, int, double, int, double, String}[27]" classname="CalculadoraTest" time="0.001"/>
  <testcase name="CalculadoraTest{String, String, String, int, double, int, double, String}[28]" classname="CalculadoraTest" time="0"/>
  <testcase name="CalculadoraTest{String, String, String, int, double, int, double, String}[29]" classname="CalculadoraTest" time="0.001"/>
  <testcase name="CalculadoraTest{String, String, String, int, double, int, double, String}[30]" classname="CalculadoraTest" time="0.001"/>
  <testcase name="CalculadoraTest{String, String, String, int, double, int, double, String}[31]" classname="CalculadoraTest" time="0"/>
  <testcase name="CalculadoraTest{String, String, String, int, double, int, double, String}[32]" classname="CalculadoraTest" time="0.001"/>
  <testcase name="CalculadoraTest{String, String, String, int, double, int, double, String}[33]" classname="CalculadoraTest" time="0.001"/>
  <testcase name="CalculadoraTest{String, String, String, int, double, int, double, String}[34]" classname="CalculadoraTest" time="0"/>
  <testcase name="CalculadoraTest{String, String, String, int, double, int, double, String}[35]" classname="CalculadoraTest" time="0"/>
  <testcase name="CalculadoraTest{String, String, String, int, double, int, double, String}[36]" classname="CalculadoraTest" time="0.001"/>
  <testcase name="CalculadoraTest{String, String, String, int, double, int, double, String}[37]" classname="CalculadoraTest" time="0"/>
  <testcase name="CalculadoraTest{String, String, String, int, double, int, double, String}[38]" classname="CalculadoraTest" time="0"/>
  <testcase name="CalculadoraTest{String, String, String, int, double, int, double, String}[39]" classname="CalculadoraTest" time="0.001"/>
  <testcase name="CalculadoraTest{String, String, String, int, double, int, double, String}[40]" classname="CalculadoraTest" time="0"/>
  <testcase name="CalculadoraTest{String, String, String, int, double, int, double, String}[41]" classname="CalculadoraTest" time="0"/>
  <testcase name="CalculadoraTest{String, String, String, int, double, int, double, String}[42]" classname="CalculadoraTest" time="0"/>
  <testcase name="CalculadoraTest{String, String, String, int, double, int, double, String}[43]" classname="CalculadoraTest" time="0.001"/>
  <testcase name="CalculadoraTest{String, String, String, int, double, int, double, String}[44]" classname="CalculadoraTest" time="0.001"/>
  <testcase name="CalculadoraTest{String, String, String, int, double, int, double, String}[45]" classname="CalculadoraTest" time="0.001"/>
  <testcase name="CalculadoraTest{String, String, String, int, double, int, double, String}[46]" classname="CalculadoraTest" time="0"/>
  <testcase name="CalculadoraTest{String, String, String, int, double, int, double, String}[47]" classname="CalculadoraTest" time="0"/>
  <testcase name="CalculadoraTest{String, String, String, int, double, int, double, String}[48]" classname="CalculadoraTest" time="0.002"/>
  <testcase name="CalculadoraTest{String, String, String, int, double, int, double, String}[49]" classname="CalculadoraTest" time="0.001"/>
  <testcase name="CalculadoraTest{String, String, String, int, double, int, double, String}[50]" classname="CalculadoraTest" time="0.001"/>
  <testcase name="CalculadoraTest{String, String, String, int, double, int, double, String}[51]" classname="CalculadoraTest" time="0"/>
  <testcase name="CalculadoraTest{String, String, String, int, double, int, double, String}[52]" classname="CalculadoraTest" time="0.001"/>
  <testcase name="CalculadoraTest{String, String, String, int, double, int, double, String}[53]" classname="CalculadoraTest" time="0.001"/>
  <testcase name="CalculadoraTest{String, String, String, int, double, int, double, String}[54]" classname="CalculadoraTest" time="0.001"/>
  <testcase name="CalculadoraTest{String, String, String, int, double, int, double, String}[55]" classname="CalculadoraTest" time="0.001"/>
  <testcase name="CalculadoraTest{String, String, String, int, double, int, double, String}[56]" classname="CalculadoraTest" time="0.001"/>
  <testcase name="CalculadoraTest{String, String, String, int, double, int, double, String}[57]" classname="CalculadoraTest" time="0.001"/>
  <testcase name="CalculadoraTest{String, String, String, int, double, int, double, String}[58]" classname="CalculadoraTest" time="0.001"/>
  <testcase name="CalculadoraTest{String, String, String, int, double, int, double, String}[59]" classname="CalculadoraTest" time="0.001"/>
  <testcase name="CalculadoraTest{String, String, String, int, double, int, double, String}[60]" classname="CalculadoraTest" time="0.002"/>
  <testcase name="CalculadoraTest{String, String, String, int, double, int, double, String}[61]" classname="CalculadoraTest" time="0"/>
  <testcase name="CalculadoraTest{String, String, String, int, double, int, double, String}[62]" classname="CalculadoraTest" time="0.001"/>
  <testcase name="CalculadoraTest{String, String, String, int, double, int, double, String}[63]" classname="CalculadoraTest" time="0.001"/>
  <testcase name="CalculadoraTest{String, String, String, int, double, int, double, String}[64]" classname="CalculadoraTest" time="0.001"/>
  <testcase name="CalculadoraTest{String, String, String, int, double, int, double, String}[65]" classname="CalculadoraTest" time="0.001"/>
  <testcase name="CalculadoraTest{String, String, String, int, double, int, double, String}[66]" classname="CalculadoraTest" time="0.001"/>
  <testcase name="CalculadoraTest{String, String, String, int, double, int, double, String}[67]" classname="CalculadoraTest" time="0.001"/>
  <testcase name="CalculadoraTest{String, String, String, int, double, int, double, String}[68]" classname="CalculadoraTest" time="0.001"/>
  <testcase name="CalculadoraTest{String, String, String, int, double, int, double, String}[69]" classname="CalculadoraTest" time="0.001"/>
  <testcase name="CalculadoraTest{String, String, String, int, double, int, double, String}[70]" classname="CalculadoraTest" time="0.001"/>
  <testcase name="CalculadoraTest{String, String, String, int, double, int, double, String}[71]" classname="CalculadoraTest" time="0.001"/>
  <testcase name="CalculadoraTest{String, String, String, int, double, int, double, String}[72]" classname="CalculadoraTest" time="0.001"/>
  <testcase name="CalculadoraTest{String, String, String, int, double, int, double, String}[73]" classname="CalculadoraTest" time="0"/>
  <testcase name="CalculadoraTest{String, String, String, int, double, int, double, String}[74]" classname="CalculadoraTest" time="0.001"/>
  <testcase name="CalculadoraTest{String, String, String, int, double, int, double, String}[75]" classname="CalculadoraTest" time="0.001"/>
  <testcase name="CalculadoraTest{String, String, String, int, double, int, double, String}[76]" classname="CalculadoraTest" time="0.001"/>
  <testcase name="CalculadoraTest{String, String, String, int, double, int, double, String}[77]" classname="CalculadoraTest" time="0.001"/>
  <testcase name="CalculadoraTest{String, String, String, int, double, int, double, String}[78]" classname="CalculadoraTest" time="0.001"/>
  <testcase name="CalculadoraTest{String, String, String, int, double, int, double, String}[79]" classname="CalculadoraTest" time="0"/>
  <testcase name="CalculadoraTest{String, String, String, int, double, int, double, String}[80]" classname="CalculadoraTest" time="0"/>
  <testcase name="CalculadoraTest{String, String, String, int, double, int, double, String}[81]" classname="CalculadoraTest" time="0"/>
  <testcase name="CalculadoraTest{String, String, String, int, double, int, double, String}[82]" classname="CalculadoraTest" time="0"/>
  <testcase name="CalculadoraTest{String, String, String, int, double, int, double, String}[83]" classname="CalculadoraTest" time="0"/>
  <testcase name="CalculadoraTest{String, String, String, int, double, int, double, String}[84]" classname="CalculadoraTest" time="0.001"/>
  <testcase name="CalculadoraTest{String, String, String, int, double, int, double, String}[85]" classname="CalculadoraTest" time="0.001"/>
  <testcase name="CalculadoraTest{String, String, String, int, double, int, double, String}[86]" classname="CalculadoraTest" time="0.001"/>
  <testcase name="CalculadoraTest{String, String, String, int, double, int, double, String}[87]" classname="CalculadoraTest" time="0.001"/>
  <testcase name="CalculadoraTest{String, String, String, int, double, int, double, String}[88]" classname="CalculadoraTest" time="0.001"/>
  <testcase name="CalculadoraTest{String, String, String, int, double, int, double, String}[89]" classname="CalculadoraTest" time="0.001"/>
  <testcase name="CalculadoraTest{String, String, String, int, double, int, double, String}[90]" classname="CalculadoraTest" time="0.001"/>
  <testcase name="CalculadoraTest{String, String, String, int, double, int, double, String}[91]" classname="CalculadoraTest" time="0"/>
  <testcase name="CalculadoraTest{String, String, String, int, double, int, double, String}[92]" classname="CalculadoraTest" time="0"/>
  <testcase name="CalculadoraTest{String, String, String, int, double, int, double, String}[93]" classname="CalculadoraTest" time="0.001"/>
  <testcase name="CalculadoraTest{String, String, String, int, double, int, double, String}[94]" classname="CalculadoraTest" time="0"/>
  <testcase name="CalculadoraTest{String, String, String, int, double, int, double, String}[95]" classname="CalculadoraTest" time="0"/>
  <testcase name="CalculadoraTest{String, String, String, int, double, int, double, String}[96]" classname="CalculadoraTest" time="0.001"/>
  <testcase name="CalculadoraTest{String, String, String, int, double, int, double, String}[97]" classname="CalculadoraTest" time="0"/>
  <testcase name="CalculadoraTest{String, String, String, int, double, int, double, String}[98]" classname="CalculadoraTest" time="0.001"/>
  <testcase name="CalculadoraTest{String, String, String, int, double, int, double, String}[99]" classname="CalculadoraTest" time="0"/>
  <testcase name="CalculadoraTest{String, String, String, int, double, int, double, String}[100]" classname="CalculadoraTest" time="0.001"/>
  <testcase name="CalculadoraTest{String, String, String, int, double, int, double, String}[101]" classname="CalculadoraTest" time="0"/>
  <testcase name="CalculadoraTest{String, String, String, int, double, int, double, String}[102]" classname="CalculadoraTest" time="0.001"/>
  <testcase name="CalculadoraTest{String, String, String, int, double, int, double, String}[103]" classname="CalculadoraTest" time="0.001"/>
  <testcase name="CalculadoraTest{String, String, String, int, double, int, double, String}[104]" classname="CalculadoraTest" time="0.001"/>
  <testcase name="CalculadoraTest{String, String, String, int, double, int, double, String}[105]" classname="CalculadoraTest" time="0.001"/>
  <testcase name="CalculadoraTest{String, String, String, int, double, int, double, String}[106]" classname="CalculadoraTest" time="0.001"/>
  <testcase name="CalculadoraTest{String, String, String, int, double, int, double, String}[107]" classname="CalculadoraTest" time="0"/>
  <testcase name="CalculadoraTest{String, String, String, int, double, int, double, String}[108]" classname="CalculadoraTest" time="0"/>
  <testcase name="CalculadoraTest{String, String, String, int, double, int, double, String}[109]" classname="CalculadoraTest" time="0.001"/>
  <testcase name="CalculadoraTest{String, String, String, int, double, int, double, String}[110]" classname="CalculadoraTest" time="0.001"/>
  <testcase name="CalculadoraTest{String, String, String, int, double, int, double, String}[111]" classname="CalculadoraTest" time="0.001"/>
  <testcase name="CalculadoraTest{String, String, String, int, double, int, double, String}[112]" classname="CalculadoraTest" time="0"/>
  <testcase name="CalculadoraTest{String, String, String, int, double, int, double, String}[113]" classname="CalculadoraTest" time="0"/>
  <testcase name="CalculadoraTest{String, String, String, int, double, int, double, String}[114]" classname="CalculadoraTest" time="0"/>
  <testcase name="CalculadoraTest{String, String, String, int, double, int, double, String}[115]" classname="CalculadoraTest" time="0"/>
  <testcase name="CalculadoraTest{String, String, String, int, double, int, double, String}[116]" classname="CalculadoraTest" time="0"/>
  <testcase name="CalculadoraTest{String, String, String, int, double, int, double, String}[117]" classname="CalculadoraTest" time="0.001"/>
  <testcase name="CalculadoraTest{String, String, String, int, double, int, double, String}[118]" classname="CalculadoraTest" time="0"/>
  <testcase name="CalculadoraTest{String, String, String, int, double, int, double, String}[119]" classname="CalculadoraTest" time="0"/>
  <testcase name="CalculadoraTest{String, String, String, int, double, int, double, String}[120]" classname="CalculadoraTest" time="0.001"/>
  <testcase name="CalculadoraTest{String, String, String, int, double, int, double, String}[121]" classname="CalculadoraTest" time="0.001"/>
  <testcase name="CalculadoraTest{String, String, String, int, double, int, double, String}[122]" classname="CalculadoraTest" time="0.001"/>
  <testcase name="CalculadoraTest{String, String, String, int, double, int, double, String}[123]" classname="CalculadoraTest" time="0.001"/>
  <testcase name="CalculadoraTest{String, String, String, int, double, int, double, String}[124]" classname="CalculadoraTest" time="0.001"/>
  <testcase name="CalculadoraTest{String, String, String, int, double, int, double, String}[125]" classname="CalculadoraTest" time="0.001"/>
  <testcase name="CalculadoraTest{String, String, String, int, double, int, double, String}[126]" classname="CalculadoraTest" time="0.005"/>
  <testcase name="CalculadoraTest{String, String, String, int, double, int, double, String}[127]" classname="CalculadoraTest" time="0.001"/>
  <testcase name="CalculadoraTest{String, String, String, int, double, int, double, String}[128]" classname="CalculadoraTest" time="0.001"/>
</testsuite>