<?xml version="1.0" encoding="UTF-8"?>
<testsuite xmlns:xsi="http://www.w3.org/2001/XMLSchema-instance" xsi:noNamespaceSchemaLocation="https://maven.apache.org/surefire/maven-surefire-plugin/xsd/surefire-test-report.xsd" name="CalculadoraTest" time="0.147" tests="18" errors="0" skipped="0" failures="0">
  <properties>
[...]
</properties>
  <testcase name="CalculadoraTest{String, String, String, int, double, int, double, String}[1]" classname="CalculadoraTest" time="0.039"/>
  <testcase name="CalculadoraTest{String, String, String, int, double, int, double, String}[2]" classname="CalculadoraTest" time="0.001"/>
  <testcase name="CalculadoraTest{String, String, String, int, double, int, double, String}[3]" classname="CalculadoraTest" time="0.001"/>
  <testcase name="CalculadoraTest{String, String, String, int, double, int, double, String}[4]" classname="CalculadoraTest" time="0.001"/>
  <testcase name="CalculadoraTest{String, String, String, int, double, int, double, String}[5]" classname="CalculadoraTest" time="0.001"/>
  <testcase name="CalculadoraTest{String, String, String, int, double, int, double, String}[6]" classname="CalculadoraTest" time="0.002"/>
  <testcase name="CalculadoraTest{String, String, String, int, double, int, double, String}[7]" classname="CalculadoraTest" time="0.002"/>
  <testcase name="CalculadoraTest{String, String, String, int, double, int, double, String}[8]" classname="CalculadoraTest" time="0.001"/>
  <testcase name="CalculadoraTest{String, String, String, int, double, int, double, String}[9]" classname="CalculadoraTest" time="0.001"/>
  <testcase name="CalculadoraTest{String, String, String, int, double, int, double, String}[10]" classname="CalculadoraTest" time="0.002"/>
  <testcase name="CalculadoraTest{String, String, String, int, double, int, double, String}[11]" classname="CalculadoraTest" time="0.001"/>
  <testcase name="CalculadoraTest{String, String, String, int, double, int, double, String}[12]" classname="CalculadoraTest" time="0.001"/>
  <testcase name="CalculadoraTest{String, String, String, int, double, int, double, String}[13]" classname="CalculadoraTest" time="0.001"/>
  <testcase name="CalculadoraTest{String, String, String, int, double, int, double, String}[14]" classname="CalculadoraTest" time="0.001"/>
  <testcase name="CalculadoraTest{String, String, String, int, double, int, double, String}[15]" classname="CalculadoraTest" time="0.001"/>
  <testcase name="CalculadoraTest{String, String, String, int, double, int, double, String}[16]" classname="CalculadoraTest" time="0.002"/>
  <testcase name="CalculadoraTest{String, String, String, int, double, int, double, String}[17]" classname="CalculadoraTest" time="0.001"/>
  <testcase name="CalculadoraTest{String, String, String, int, double, int, double, String}[18]" classname="CalculadoraTest" time="0.001"/>
</testsuite>